<?xml version='1.0' encoding='UTF-8'?>
<testsuite hostname="s4n-ThinkPad-E470" name="TraversablesTest" tests="44" errors="0" failures="0" skipped="0" time="0.116">
                     <properties>
[...]
</properties>
                     <testcase classname="TraversablesTest" name="traversables" time="0.069">
                                                 
                                               </testcase><testcase classname="TraversablesTest" name="pack all into a single traversable" time="0.0">
                                                 
                                               </testcase><testcase classname="TraversablesTest" name="flatmap seems like flatten" time="0.001">
                                                 
                                               </testcase><testcase classname="TraversablesTest" name="flatmap de optiones, filter out all Nones but keep the Somes" time="0.001">
                                                 
                                               </testcase><testcase classname="TraversablesTest" name="collect apply a partial function to all elements and return a different collection" time="0.001">
                                                 
                                               </testcase><testcase classname="TraversablesTest" name="two case fragments can be chained to create more robust result" time="0.001">
                                                 
                                               </testcase><testcase classname="TraversablesTest" name="foreach no return" time="0.0">
                                                 
                                               </testcase><testcase classname="TraversablesTest" name="ToArray convert to Array" time="0.005">
                                                 
                                               </testcase><testcase classname="TraversablesTest" name="toIterable" time="0.0">
                                                 
                                               </testcase><testcase classname="TraversablesTest" name="Seq is a ordered iterable" time="0.0">
                                                 
                                               </testcase><testcase classname="TraversablesTest" name="toStream" time="0.004">
                                                 
                                               </testcase><testcase classname="TraversablesTest" name="toSeq collection of unordered and unique values" time="0.0">
                                                 
                                               </testcase><testcase classname="TraversablesTest" name="toMap, convert to map" time="0.0">
                                                 
                                               </testcase><testcase classname="TraversablesTest" name="hasDefiniteSize return true if only the traversable hace definite size" time="0.0">
                                                 
                                               </testcase><testcase classname="TraversablesTest" name="head return the first element in a traversable" time="0.0">
                                                 
                                               </testcase><testcase classname="TraversablesTest" name="HeadOption return the first element in a Option with Some and None" time="0.001">
                                                 
                                               </testcase><testcase classname="TraversablesTest" name="last return the last element of a colllection" time="0.001">
                                                 
                                               </testcase><testcase classname="TraversablesTest" name="lastOption return the last element of a colllection in a Option with Some and None" time="0.0">
                                                 
                                               </testcase><testcase classname="TraversablesTest" name="find return the first element matchs with the predicate in a Option" time="0.0">
                                                 
                                               </testcase><testcase classname="TraversablesTest" name="tail return the rest of a list without the head" time="0.0">
                                                 
                                               </testcase><testcase classname="TraversablesTest" name="init return the rest of a list without the last" time="0.001">
                                                 
                                               </testcase><testcase classname="TraversablesTest" name="given a from index and to index, slice returns the part of collection including from and excluding to" time="0.0">
                                                 
                                               </testcase><testcase classname="TraversablesTest" name="take first number of elements given" time="0.0">
                                                 
                                               </testcase><testcase classname="TraversablesTest" name="takes is used often with streams" time="0.003">
                                                 
                                               </testcase><testcase classname="TraversablesTest" name="drop will take the rest of Traversable except the number of elements given" time="0.001">
                                                 
                                               </testcase><testcase classname="TraversablesTest" name="takeWhile will continually accumulate elements until predicate is no loger satisfied" time="0.001">
                                                 
                                               </testcase><testcase classname="TraversablesTest" name="dropWhile will continually drop elements until predicate is no loger satisfied" time="0.001">
                                                 
                                               </testcase><testcase classname="TraversablesTest" name="filter returns elements that satisfied the condicion" time="0.001">
                                                 
                                               </testcase><testcase classname="TraversablesTest" name="splitA" time="0.001">
                                                 
                                               </testcase><testcase classname="TraversablesTest" name="span will split a Traversable according to a predicate" time="0.006">
                                                 
                                               </testcase><testcase classname="TraversablesTest" name=" Left-hand side contains the elementssatisfied by the predicated whereas the right hand side contains the rest of elements" time="0.0">
                                                 
                                               </testcase><testcase classname="TraversablesTest" name="groupBy" time="0.001">
                                                 
                                               </testcase><testcase classname="TraversablesTest" name="forall determinates if a predicate is true for all elements" time="0.001">
                                                 
                                               </testcase><testcase classname="TraversablesTest" name="forall determinates if a predicate is true for some elements" time="0.001">
                                                 
                                               </testcase><testcase classname="TraversablesTest" name="count the number of elements that satisfied a predicated" time="0.002">
                                                 
                                               </testcase><testcase classname="TraversablesTest" name="/: or foldLeft" time="0.002">
                                                 
                                               </testcase><testcase classname="TraversablesTest" name="':' foldRight" time="0.001">
                                                 
                                               </testcase><testcase classname="TraversablesTest" name="reduceLeft similar to foldleft but the seed is the head value" time="0.002">
                                                 
                                               </testcase><testcase classname="TraversablesTest" name="reduceRight similar to foldRight but the seed is the last value" time="0.001">
                                                 
                                               </testcase><testcase classname="TraversablesTest" name="sum,product,max,min" time="0.003">
                                                 
                                               </testcase><testcase classname="TraversablesTest" name="reduce is the same than reduceLeft and fold is the same than foldLeft" time="0.002">
                                                 
                                               </testcase><testcase classname="TraversablesTest" name="transpose" time="0.0">
                                                 
                                               </testcase><testcase classname="TraversablesTest" name="mkString" time="0.0">
                                                 
                                               </testcase><testcase classname="TraversablesTest" name="StringBuilder" time="0.001">
                                                 
                                               </testcase>
                     <system-out><![CDATA[]]></system-out>
                     <system-err><![CDATA[]]></system-err>
                   </testsuite>